<?xml version="1.0" encoding="UTF-8"?>
<!-- Generated by org.testng.reporters.JUnitXMLReporter -->
<testsuite hostname="LENOVO" name="ValidateUser Test" tests="5" failures="3" timestamp="24 Oct 2021 05:49:09 GMT" time="119.49" errors="0">
  <testcase name="testValidateUser" time="19.826" classname="unicodeTech.TestSuiteA.ValidateUser">
    <failure type="java.lang.AssertionError" message="Invalid username or password">
      <![CDATA[java.lang.AssertionError: Invalid username or password
	at unicodeTech.TestSuiteA.ValidateUser.testValidateUser(ValidateUser.java:58)
... Removed 25 stack frames]]>
    </failure>
  </testcase> <!-- testValidateUser -->
  <testcase name="testValidateUser" time="14.389" classname="unicodeTech.TestSuiteA.ValidateUser">
    <failure type="java.lang.AssertionError" message="Invalid username or password">
      <![CDATA[java.lang.AssertionError: Invalid username or password
	at unicodeTech.TestSuiteA.ValidateUser.testValidateUser(ValidateUser.java:58)
... Removed 25 stack frames]]>
    </failure>
  </testcase> <!-- testValidateUser -->
  <testcase name="testValidateUser" time="14.262" classname="unicodeTech.TestSuiteA.ValidateUser">
    <failure type="java.lang.AssertionError" message="Invalid username or password">
      <![CDATA[java.lang.AssertionError: Invalid username or password
	at unicodeTech.TestSuiteA.ValidateUser.testValidateUser(ValidateUser.java:58)
... Removed 25 stack frames]]>
    </failure>
  </testcase> <!-- testValidateUser -->
  <testcase name="testValidateUser" time="17.811" classname="unicodeTech.TestSuiteA.ValidateUser"/>
  <testcase name="testValidateUser" time="17.012" classname="unicodeTech.TestSuiteA.ValidateUser"/>
</testsuite> <!-- ValidateUser Test -->
